[ 2017-04-09T20:24:31+08:00 ] 127.0.0.1 /month_3/AppAdmin/index.php
INFO: [ app_init ] --START--
INFO: Run Behavior\BuildLiteBehavior [ RunTime:0.000021s ]
INFO: [ app_init ] --END-- [ RunTime:0.042229s ]
INFO: [ app_begin ] --START--
INFO: Run Behavior\ReadHtmlCacheBehavior [ RunTime:0.011218s ]
INFO: [ app_begin ] --END-- [ RunTime:0.011434s ]
INFO: [ view_parse ] --START--
INFO: [ template_filter ] --START--
INFO: Run Behavior\ContentReplaceBehavior [ RunTime:0.012347s ]
INFO: [ template_filter ] --END-- [ RunTime:0.012460s ]
INFO: Run Behavior\ParseTemplateBehavior [ RunTime:0.114697s ]
INFO: [ view_parse ] --END-- [ RunTime:0.114774s ]
INFO: [ view_filter ] --START--
INFO: Run Behavior\WriteHtmlCacheBehavior [ RunTime:0.020304s ]
INFO: [ view_filter ] --END-- [ RunTime:0.020381s ]
INFO: [ app_end ] --START--
INFO: Run Behavior\ShowPageTraceBehavior [ RunTime:0.002085s ]
INFO: [ app_end ] --END-- [ RunTime:0.002161s ]

[ 2017-04-09T20:24:31+08:00 ] 127.0.0.1 /month_3/AppAdmin/index.php/Admin/Login/verify.html
INFO: [ app_init ] --START--
INFO: Run Behavior\BuildLiteBehavior [ RunTime:0.000012s ]
INFO: [ app_init ] --END-- [ RunTime:0.000324s ]
INFO: [ app_begin ] --START--
INFO: Run Behavior\ReadHtmlCacheBehavior [ RunTime:0.000618s ]
INFO: [ app_begin ] --END-- [ RunTime:0.000655s ]
INFO: [ app_end ] --START--
INFO: Run Behavior\ShowPageTraceBehavior [ RunTime:0.001066s ]
INFO: [ app_end ] --END-- [ RunTime:0.001147s ]

[ 2017-04-09T20:24:37+08:00 ] 127.0.0.1 /month_3/AppAdmin/index.php/Admin/Login/verify.html?a=0.9384489144160983
INFO: [ app_init ] --START--
INFO: Run Behavior\BuildLiteBehavior [ RunTime:0.000012s ]
INFO: [ app_init ] --END-- [ RunTime:0.000370s ]
INFO: [ app_begin ] --START--
INFO: Run Behavior\ReadHtmlCacheBehavior [ RunTime:0.000716s ]
INFO: [ app_begin ] --END-- [ RunTime:0.000760s ]
INFO: [ app_end ] --START--
INFO: Run Behavior\ShowPageTraceBehavior [ RunTime:0.000959s ]
INFO: [ app_end ] --END-- [ RunTime:0.001028s ]

[ 2017-04-09T20:24:38+08:00 ] 127.0.0.1 /month_3/AppAdmin/index.php/Admin/Login/verify.html?a=0.21122174448303133
INFO: [ app_init ] --START--
INFO: Run Behavior\BuildLiteBehavior [ RunTime:0.000024s ]
INFO: [ app_init ] --END-- [ RunTime:0.000342s ]
INFO: [ app_begin ] --START--
INFO: Run Behavior\ReadHtmlCacheBehavior [ RunTime:0.000591s ]
INFO: [ app_begin ] --END-- [ RunTime:0.000627s ]
INFO: [ app_end ] --START--
INFO: Run Behavior\ShowPageTraceBehavior [ RunTime:0.001104s ]
INFO: [ app_end ] --END-- [ RunTime:0.001175s ]

[ 2017-04-09T20:24:38+08:00 ] 127.0.0.1 /month_3/AppAdmin/index.php/Admin/Login/verify.html?a=0.8366632236810644
INFO: [ app_init ] --START--
INFO: Run Behavior\BuildLiteBehavior [ RunTime:0.000016s ]
INFO: [ app_init ] --END-- [ RunTime:0.000453s ]
INFO: [ app_begin ] --START--
INFO: Run Behavior\ReadHtmlCacheBehavior [ RunTime:0.000629s ]
INFO: [ app_begin ] --END-- [ RunTime:0.000668s ]
INFO: [ app_end ] --START--
INFO: Run Behavior\ShowPageTraceBehavior [ RunTime:0.001178s ]
INFO: [ app_end ] --END-- [ RunTime:0.001242s ]

[ 2017-04-09T20:24:39+08:00 ] 127.0.0.1 /month_3/AppAdmin/index.php/Admin/Login/verify.html?a=0.3995114503876237
INFO: [ app_init ] --START--
INFO: Run Behavior\BuildLiteBehavior [ RunTime:0.000011s ]
INFO: [ app_init ] --END-- [ RunTime:0.000356s ]
INFO: [ app_begin ] --START--
INFO: Run Behavior\ReadHtmlCacheBehavior [ RunTime:0.000597s ]
INFO: [ app_begin ] --END-- [ RunTime:0.000634s ]
INFO: [ app_end ] --START--
INFO: Run Behavior\ShowPageTraceBehavior [ RunTime:0.001210s ]
INFO: [ app_end ] --END-- [ RunTime:0.001274s ]

[ 2017-04-09T20:24:40+08:00 ] 127.0.0.1 /month_3/AppAdmin/index.php/Admin/Login/verify.html?a=0.5945756029838651
INFO: [ app_init ] --START--
INFO: Run Behavior\BuildLiteBehavior [ RunTime:0.000011s ]
INFO: [ app_init ] --END-- [ RunTime:0.000324s ]
INFO: [ app_begin ] --START--
INFO: Run Behavior\ReadHtmlCacheBehavior [ RunTime:0.001103s ]
INFO: [ app_begin ] --END-- [ RunTime:0.001141s ]
INFO: [ app_end ] --START--
INFO: Run Behavior\ShowPageTraceBehavior [ RunTime:0.001022s ]
INFO: [ app_end ] --END-- [ RunTime:0.001087s ]

[ 2017-04-09T20:24:41+08:00 ] 127.0.0.1 /month_3/AppAdmin/index.php/Admin/Login/verify.html?a=0.11460486185599628
INFO: [ app_init ] --START--
INFO: Run Behavior\BuildLiteBehavior [ RunTime:0.000011s ]
INFO: [ app_init ] --END-- [ RunTime:0.000329s ]
INFO: [ app_begin ] --START--
INFO: Run Behavior\ReadHtmlCacheBehavior [ RunTime:0.000623s ]
INFO: [ app_begin ] --END-- [ RunTime:0.000661s ]
INFO: [ app_end ] --START--
INFO: Run Behavior\ShowPageTraceBehavior [ RunTime:0.001036s ]
INFO: [ app_end ] --END-- [ RunTime:0.001107s ]

[ 2017-04-09T20:24:43+08:00 ] 127.0.0.1 /month_3/AppAdmin/index.php/Admin/Login/verify.html?a=0.06662623272283508
INFO: [ app_init ] --START--
INFO: Run Behavior\BuildLiteBehavior [ RunTime:0.000011s ]
INFO: [ app_init ] --END-- [ RunTime:0.000396s ]
INFO: [ app_begin ] --START--
INFO: Run Behavior\ReadHtmlCacheBehavior [ RunTime:0.000614s ]
INFO: [ app_begin ] --END-- [ RunTime:0.000666s ]
INFO: [ app_end ] --START--
INFO: Run Behavior\ShowPageTraceBehavior [ RunTime:0.001028s ]
INFO: [ app_end ] --END-- [ RunTime:0.001085s ]

[ 2017-04-09T20:25:06+08:00 ] 127.0.0.1 /month_3/AppAdmin/index.php/Admin/Login/verify.html?a=0.538952111478692
INFO: [ app_init ] --START--
INFO: Run Behavior\BuildLiteBehavior [ RunTime:0.000016s ]
INFO: [ app_init ] --END-- [ RunTime:0.000457s ]
INFO: [ app_begin ] --START--
INFO: Run Behavior\ReadHtmlCacheBehavior [ RunTime:0.000635s ]
INFO: [ app_begin ] --END-- [ RunTime:0.000691s ]
INFO: [ app_end ] --START--
INFO: Run Behavior\ShowPageTraceBehavior [ RunTime:0.001093s ]
INFO: [ app_end ] --END-- [ RunTime:0.001161s ]

[ 2017-04-09T20:25:07+08:00 ] 127.0.0.1 /month_3/AppAdmin/index.php/Admin/Login/verify.html?a=0.43294064249111486
INFO: [ app_init ] --START--
INFO: Run Behavior\BuildLiteBehavior [ RunTime:0.000012s ]
INFO: [ app_init ] --END-- [ RunTime:0.000376s ]
INFO: [ app_begin ] --START--
INFO: Run Behavior\ReadHtmlCacheBehavior [ RunTime:0.000615s ]
INFO: [ app_begin ] --END-- [ RunTime:0.000652s ]
INFO: [ app_end ] --START--
INFO: Run Behavior\ShowPageTraceBehavior [ RunTime:0.001110s ]
INFO: [ app_end ] --END-- [ RunTime:0.001175s ]

[ 2017-04-09T20:25:08+08:00 ] 127.0.0.1 /month_3/AppAdmin/index.php/Admin/Login/verify.html?a=0.2586165464120249
INFO: [ app_init ] --START--
INFO: Run Behavior\BuildLiteBehavior [ RunTime:0.000010s ]
INFO: [ app_init ] --END-- [ RunTime:0.000307s ]
INFO: [ app_begin ] --START--
INFO: Run Behavior\ReadHtmlCacheBehavior [ RunTime:0.000591s ]
INFO: [ app_begin ] --END-- [ RunTime:0.000627s ]
INFO: [ app_end ] --START--
INFO: Run Behavior\ShowPageTraceBehavior [ RunTime:0.002390s ]
INFO: [ app_end ] --END-- [ RunTime:0.002474s ]

[ 2017-04-09T20:25:08+08:00 ] 127.0.0.1 /month_3/AppAdmin/index.php/Admin/Login/verify.html?a=0.15339067889045332
INFO: [ app_init ] --START--
INFO: Run Behavior\BuildLiteBehavior [ RunTime:0.000010s ]
INFO: [ app_init ] --END-- [ RunTime:0.000305s ]
INFO: [ app_begin ] --START--
INFO: Run Behavior\ReadHtmlCacheBehavior [ RunTime:0.000588s ]
INFO: [ app_begin ] --END-- [ RunTime:0.000626s ]
INFO: [ app_end ] --START--
INFO: Run Behavior\ShowPageTraceBehavior [ RunTime:0.001033s ]
INFO: [ app_end ] --END-- [ RunTime:0.001097s ]

[ 2017-04-09T20:25:09+08:00 ] 127.0.0.1 /month_3/AppAdmin/index.php/Admin/Login/verify.html?a=0.3491509899972971
INFO: [ app_init ] --START--
INFO: Run Behavior\BuildLiteBehavior [ RunTime:0.000010s ]
INFO: [ app_init ] --END-- [ RunTime:0.000306s ]
INFO: [ app_begin ] --START--
INFO: Run Behavior\ReadHtmlCacheBehavior [ RunTime:0.000595s ]
INFO: [ app_begin ] --END-- [ RunTime:0.000632s ]
INFO: [ app_end ] --START--
INFO: Run Behavior\ShowPageTraceBehavior [ RunTime:0.001172s ]
INFO: [ app_end ] --END-- [ RunTime:0.001236s ]

[ 2017-04-09T20:25:10+08:00 ] 127.0.0.1 /month_3/AppAdmin/index.php/Admin/Login/verify.html?a=0.7630191495571191
INFO: [ app_init ] --START--
INFO: Run Behavior\BuildLiteBehavior [ RunTime:0.000010s ]
INFO: [ app_init ] --END-- [ RunTime:0.000304s ]
INFO: [ app_begin ] --START--
INFO: Run Behavior\ReadHtmlCacheBehavior [ RunTime:0.000590s ]
INFO: [ app_begin ] --END-- [ RunTime:0.000627s ]
INFO: [ app_end ] --START--
INFO: Run Behavior\ShowPageTraceBehavior [ RunTime:0.001034s ]
INFO: [ app_end ] --END-- [ RunTime:0.001100s ]

[ 2017-04-09T20:25:10+08:00 ] 127.0.0.1 /month_3/AppAdmin/index.php/Admin/Login/verify.html?a=0.41491650287918513
INFO: [ app_init ] --START--
INFO: Run Behavior\BuildLiteBehavior [ RunTime:0.000010s ]
INFO: [ app_init ] --END-- [ RunTime:0.000308s ]
INFO: [ app_begin ] --START--
INFO: Run Behavior\ReadHtmlCacheBehavior [ RunTime:0.000595s ]
INFO: [ app_begin ] --END-- [ RunTime:0.000633s ]
INFO: [ app_end ] --START--
INFO: Run Behavior\ShowPageTraceBehavior [ RunTime:0.001252s ]
INFO: [ app_end ] --END-- [ RunTime:0.001321s ]

[ 2017-04-09T20:25:20+08:00 ] 127.0.0.1 /month_3/AppAdmin/index.php/Admin/Login/login_do.html
INFO: [ app_init ] --START--
INFO: Run Behavior\BuildLiteBehavior [ RunTime:0.000011s ]
INFO: [ app_init ] --END-- [ RunTime:0.000323s ]
INFO: [ app_begin ] --START--
INFO: Run Behavior\ReadHtmlCacheBehavior [ RunTime:0.000611s ]
INFO: [ app_begin ] --END-- [ RunTime:0.000650s ]
NOTIC: [2048] Declaration of Admin\Model\LoginModel::add() should be compatible with Think\Model::add($data = '', $options = Array, $replace = false) E:\php\apache\htdocs\month_3\AppAdmin\App\Admin\Model\LoginModel.class.php 第 4 行.
NOTIC: [2048] Declaration of Admin\Model\LoginModel::select() should be compatible with Think\Model::select($options = Array) E:\php\apache\htdocs\month_3\AppAdmin\App\Admin\Model\LoginModel.class.php 第 4 行.
SQL: SELECT * FROM `login` WHERE ( username='admin' ) LIMIT 1   [ RunTime:0.0417s ]
INFO: [ view_parse ] --START--
INFO: [ template_filter ] --START--
INFO: Run Behavior\ContentReplaceBehavior [ RunTime:0.000087s ]
INFO: [ template_filter ] --END-- [ RunTime:0.000208s ]
INFO: Run Behavior\ParseTemplateBehavior [ RunTime:0.048977s ]
INFO: [ view_parse ] --END-- [ RunTime:0.049122s ]
INFO: [ view_filter ] --START--
INFO: Run Behavior\WriteHtmlCacheBehavior [ RunTime:0.001475s ]
INFO: [ view_filter ] --END-- [ RunTime:0.001586s ]
INFO: [ app_end ] --START--
INFO: Run Behavior\ShowPageTraceBehavior [ RunTime:0.002785s ]
INFO: [ app_end ] --END-- [ RunTime:0.002937s ]

[ 2017-04-09T20:25:23+08:00 ] 127.0.0.1 /month_3/AppAdmin/index.php/Admin/Index/index.html
INFO: [ app_init ] --START--
INFO: Run Behavior\BuildLiteBehavior [ RunTime:0.000018s ]
INFO: [ app_init ] --END-- [ RunTime:0.000565s ]
INFO: [ app_begin ] --START--
INFO: Run Behavior\ReadHtmlCacheBehavior [ RunTime:0.001101s ]
INFO: [ app_begin ] --END-- [ RunTime:0.001169s ]
INFO: [ view_parse ] --START--
INFO: [ template_filter ] --START--
INFO: Run Behavior\ContentReplaceBehavior [ RunTime:0.000030s ]
INFO: [ template_filter ] --END-- [ RunTime:0.000078s ]
INFO: Run Behavior\ParseTemplateBehavior [ RunTime:0.033536s ]
INFO: [ view_parse ] --END-- [ RunTime:0.033612s ]
INFO: [ view_filter ] --START--
INFO: Run Behavior\WriteHtmlCacheBehavior [ RunTime:0.001702s ]
INFO: [ view_filter ] --END-- [ RunTime:0.001787s ]
INFO: [ app_end ] --START--
INFO: Run Behavior\ShowPageTraceBehavior [ RunTime:0.002334s ]
INFO: [ app_end ] --END-- [ RunTime:0.002429s ]

[ 2017-04-09T20:25:23+08:00 ] 127.0.0.1 /month_3/AppAdmin/index.php/Admin/Index/head.html
INFO: [ app_init ] --START--
INFO: Run Behavior\BuildLiteBehavior [ RunTime:0.000018s ]
INFO: [ app_init ] --END-- [ RunTime:0.000469s ]
INFO: [ app_begin ] --START--
INFO: Run Behavior\ReadHtmlCacheBehavior [ RunTime:0.001454s ]
INFO: [ app_begin ] --END-- [ RunTime:0.001530s ]
INFO: [ view_parse ] --START--
INFO: [ template_filter ] --START--
INFO: Run Behavior\ContentReplaceBehavior [ RunTime:0.000030s ]
INFO: [ template_filter ] --END-- [ RunTime:0.000074s ]
INFO: Run Behavior\ParseTemplateBehavior [ RunTime:0.018848s ]
INFO: [ view_parse ] --END-- [ RunTime:0.018899s ]
INFO: [ view_filter ] --START--
INFO: Run Behavior\WriteHtmlCacheBehavior [ RunTime:0.000362s ]
INFO: [ view_filter ] --END-- [ RunTime:0.000390s ]
INFO: [ app_end ] --START--
INFO: Run Behavior\ShowPageTraceBehavior [ RunTime:0.000600s ]
INFO: [ app_end ] --END-- [ RunTime:0.000631s ]

[ 2017-04-09T20:25:23+08:00 ] 127.0.0.1 /month_3/AppAdmin/index.php/Admin/Index/main.html
INFO: [ app_init ] --START--
INFO: Run Behavior\BuildLiteBehavior [ RunTime:0.000014s ]
INFO: [ app_init ] --END-- [ RunTime:0.000469s ]
INFO: [ app_begin ] --START--
INFO: Run Behavior\ReadHtmlCacheBehavior [ RunTime:0.000782s ]
INFO: [ app_begin ] --END-- [ RunTime:0.000843s ]
INFO: [ view_parse ] --START--
INFO: [ template_filter ] --START--
INFO: Run Behavior\ContentReplaceBehavior [ RunTime:0.000029s ]
INFO: [ template_filter ] --END-- [ RunTime:0.000076s ]
INFO: Run Behavior\ParseTemplateBehavior [ RunTime:0.006936s ]
INFO: [ view_parse ] --END-- [ RunTime:0.006993s ]
INFO: [ view_filter ] --START--
INFO: Run Behavior\WriteHtmlCacheBehavior [ RunTime:0.000287s ]
INFO: [ view_filter ] --END-- [ RunTime:0.000318s ]
INFO: [ app_end ] --START--
INFO: Run Behavior\ShowPageTraceBehavior [ RunTime:0.000537s ]
INFO: [ app_end ] --END-- [ RunTime:0.000570s ]

[ 2017-04-09T20:25:24+08:00 ] 127.0.0.1 /month_3/AppAdmin/index.php/Admin/Index/left.html
INFO: [ app_init ] --START--
INFO: Run Behavior\BuildLiteBehavior [ RunTime:0.000018s ]
INFO: [ app_init ] --END-- [ RunTime:0.000607s ]
INFO: [ app_begin ] --START--
INFO: Run Behavior\ReadHtmlCacheBehavior [ RunTime:0.001024s ]
INFO: [ app_begin ] --END-- [ RunTime:0.001099s ]
INFO: [ view_parse ] --START--
INFO: [ template_filter ] --START--
INFO: Run Behavior\ContentReplaceBehavior [ RunTime:0.000166s ]
INFO: [ template_filter ] --END-- [ RunTime:0.000242s ]
NOTIC: [8] Use of undefined constant admin - assumed 'admin' E:\php\apache\htdocs\month_3\AppAdmin\App\Runtime\Cache\Admin\6a50c6d503dcfec33a87262cae7a0f6e.php 第 24 行.
INFO: Run Behavior\ParseTemplateBehavior [ RunTime:0.219499s ]
INFO: [ view_parse ] --END-- [ RunTime:0.219566s ]
INFO: [ view_filter ] --START--
INFO: Run Behavior\WriteHtmlCacheBehavior [ RunTime:0.000849s ]
INFO: [ view_filter ] --END-- [ RunTime:0.000982s ]
INFO: [ app_end ] --START--
INFO: Run Behavior\ShowPageTraceBehavior [ RunTime:0.001762s ]
INFO: [ app_end ] --END-- [ RunTime:0.002476s ]

[ 2017-04-09T20:25:42+08:00 ] 127.0.0.1 /month_3/AppAdmin/index.php/Admin/User/user.html
INFO: [ app_init ] --START--
INFO: Run Behavior\BuildLiteBehavior [ RunTime:0.000011s ]
INFO: [ app_init ] --END-- [ RunTime:0.000287s ]
INFO: [ app_begin ] --START--
INFO: Run Behavior\ReadHtmlCacheBehavior [ RunTime:0.000436s ]
INFO: [ app_begin ] --END-- [ RunTime:0.000473s ]
NOTIC: [2048] Declaration of Admin\Model\LoginModel::add() should be compatible with Think\Model::add($data = '', $options = Array, $replace = false) E:\php\apache\htdocs\month_3\AppAdmin\App\Admin\Model\LoginModel.class.php 第 4 行.
NOTIC: [2048] Declaration of Admin\Model\LoginModel::select() should be compatible with Think\Model::select($options = Array) E:\php\apache\htdocs\month_3\AppAdmin\App\Admin\Model\LoginModel.class.php 第 4 行.
SQL: SELECT COUNT(*) AS tp_count FROM `login` LIMIT 1   [ RunTime:0.0502s ]
SQL: SELECT * FROM `login` ORDER BY id LIMIT 0,3   [ RunTime:0.0006s ]
INFO: [ view_parse ] --START--
INFO: [ template_filter ] --START--
INFO: Run Behavior\ContentReplaceBehavior [ RunTime:0.000130s ]
INFO: [ template_filter ] --END-- [ RunTime:0.000259s ]
INFO: Run Behavior\ParseTemplateBehavior [ RunTime:0.038531s ]
INFO: [ view_parse ] --END-- [ RunTime:0.038671s ]
INFO: [ view_filter ] --START--
INFO: Run Behavior\WriteHtmlCacheBehavior [ RunTime:0.000603s ]
INFO: [ view_filter ] --END-- [ RunTime:0.000700s ]
INFO: [ app_end ] --START--
INFO: Run Behavior\ShowPageTraceBehavior [ RunTime:0.001722s ]
INFO: [ app_end ] --END-- [ RunTime:0.001843s ]

[ 2017-04-09T20:25:45+08:00 ] 127.0.0.1 /month_3/AppAdmin/index.php/Admin/Adv/banner.html
INFO: [ app_init ] --START--
INFO: Run Behavior\BuildLiteBehavior [ RunTime:0.000014s ]
INFO: [ app_init ] --END-- [ RunTime:0.000392s ]
INFO: [ app_begin ] --START--
INFO: Run Behavior\ReadHtmlCacheBehavior [ RunTime:0.000613s ]
INFO: [ app_begin ] --END-- [ RunTime:0.000677s ]
NOTIC: [2048] Declaration of Admin\Model\AdvModel::add() should be compatible with Think\Model::add($data = '', $options = Array, $replace = false) E:\php\apache\htdocs\month_3\AppAdmin\App\Admin\Model\AdvModel.class.php 第 4 行.
SQL: SELECT COUNT(*) AS tp_count FROM `adv` LIMIT 1   [ RunTime:0.0005s ]
SQL: SELECT * FROM `adv` ORDER BY id LIMIT 0,2   [ RunTime:0.0002s ]
INFO: [ view_parse ] --START--
INFO: [ template_filter ] --START--
INFO: Run Behavior\ContentReplaceBehavior [ RunTime:0.000041s ]
INFO: [ template_filter ] --END-- [ RunTime:0.000083s ]
INFO: Run Behavior\ParseTemplateBehavior [ RunTime:0.020153s ]
INFO: [ view_parse ] --END-- [ RunTime:0.020212s ]
INFO: [ view_filter ] --START--
INFO: Run Behavior\WriteHtmlCacheBehavior [ RunTime:0.000191s ]
INFO: [ view_filter ] --END-- [ RunTime:0.000220s ]
INFO: [ app_end ] --START--
INFO: Run Behavior\ShowPageTraceBehavior [ RunTime:0.000442s ]
INFO: [ app_end ] --END-- [ RunTime:0.000472s ]

[ 2017-04-09T20:25:46+08:00 ] 127.0.0.1 /month_3/AppAdmin/index.php/Admin/Adv/banner_do.html
INFO: [ app_init ] --START--
INFO: Run Behavior\BuildLiteBehavior [ RunTime:0.000012s ]
INFO: [ app_init ] --END-- [ RunTime:0.000663s ]
INFO: [ app_begin ] --START--
INFO: Run Behavior\ReadHtmlCacheBehavior [ RunTime:0.000449s ]
INFO: [ app_begin ] --END-- [ RunTime:0.000484s ]
INFO: [ view_parse ] --START--
INFO: [ template_filter ] --START--
INFO: Run Behavior\ContentReplaceBehavior [ RunTime:0.000033s ]
INFO: [ template_filter ] --END-- [ RunTime:0.000076s ]
INFO: Run Behavior\ParseTemplateBehavior [ RunTime:0.026631s ]
INFO: [ view_parse ] --END-- [ RunTime:0.026678s ]
INFO: [ view_filter ] --START--
INFO: Run Behavior\WriteHtmlCacheBehavior [ RunTime:0.000179s ]
INFO: [ view_filter ] --END-- [ RunTime:0.000207s ]
INFO: [ app_end ] --START--
INFO: Run Behavior\ShowPageTraceBehavior [ RunTime:0.000424s ]
INFO: [ app_end ] --END-- [ RunTime:0.000454s ]

[ 2017-04-09T20:25:50+08:00 ] 127.0.0.1 /month_3/AppAdmin/index.php/Admin/Adv/opinion.html
INFO: [ app_init ] --START--
INFO: Run Behavior\BuildLiteBehavior [ RunTime:0.000012s ]
INFO: [ app_init ] --END-- [ RunTime:0.000300s ]
INFO: [ app_begin ] --START--
INFO: Run Behavior\ReadHtmlCacheBehavior [ RunTime:0.001033s ]
INFO: [ app_begin ] --END-- [ RunTime:0.001085s ]
SQL: SELECT COUNT(*) AS tp_count FROM `yijian` WHERE ( 1 ) LIMIT 1   [ RunTime:0.0005s ]
SQL: SELECT * FROM `yijian` WHERE ( 1 ) ORDER BY id LIMIT 0,5   [ RunTime:0.0003s ]
INFO: [ view_parse ] --START--
INFO: [ template_filter ] --START--
INFO: Run Behavior\ContentReplaceBehavior [ RunTime:0.000110s ]
INFO: [ template_filter ] --END-- [ RunTime:0.000223s ]
INFO: Run Behavior\ParseTemplateBehavior [ RunTime:0.035557s ]
INFO: [ view_parse ] --END-- [ RunTime:0.035680s ]
INFO: [ view_filter ] --START--
INFO: Run Behavior\WriteHtmlCacheBehavior [ RunTime:0.000379s ]
INFO: [ view_filter ] --END-- [ RunTime:0.000433s ]
INFO: [ app_end ] --START--
INFO: Run Behavior\ShowPageTraceBehavior [ RunTime:0.000906s ]
INFO: [ app_end ] --END-- [ RunTime:0.000969s ]

[ 2017-04-09T20:25:53+08:00 ] 127.0.0.1 /month_3/AppAdmin/index.php/Admin/Vip/vip.html
INFO: [ app_init ] --START--
INFO: Run Behavior\BuildLiteBehavior [ RunTime:0.000010s ]
INFO: [ app_init ] --END-- [ RunTime:0.000285s ]
INFO: [ app_begin ] --START--
INFO: Run Behavior\ReadHtmlCacheBehavior [ RunTime:0.000436s ]
INFO: [ app_begin ] --END-- [ RunTime:0.000472s ]
NOTIC: [2] Missing argument 1 for Admin\Controller\VipController::page_do(), called in E:\php\apache\htdocs\month_3\AppAdmin\App\Admin\Controller\VipController.class.php on line 6 and defined E:\php\apache\htdocs\month_3\AppAdmin\App\Admin\Controller\VipController.class.php 第 33 行.
NOTIC: [2048] Declaration of Admin\Model\VipModel::add() should be compatible with Think\Model::add($data = '', $options = Array, $replace = false) E:\php\apache\htdocs\month_3\AppAdmin\App\Admin\Model\VipModel.class.php 第 4 行.
SQL: SELECT COUNT(*) AS tp_count FROM `vip` WHERE ( 1 ) LIMIT 1   [ RunTime:0.0005s ]
NOTIC: [8] Undefined variable: key E:\php\apache\htdocs\month_3\AppAdmin\App\Admin\Controller\VipController.class.php 第 38 行.
SQL: SELECT * FROM `vip` INNER JOIN vip_select on vip.v_id=vip_select.v_id  WHERE ( 1 ) ORDER BY id LIMIT 0,2   [ RunTime:0.0185s ]
INFO: [ view_parse ] --START--
INFO: [ template_filter ] --START--
INFO: Run Behavior\ContentReplaceBehavior [ RunTime:0.000052s ]
INFO: [ template_filter ] --END-- [ RunTime:0.000091s ]
INFO: Run Behavior\ParseTemplateBehavior [ RunTime:0.018728s ]
INFO: [ view_parse ] --END-- [ RunTime:0.018789s ]
INFO: [ view_filter ] --START--
INFO: Run Behavior\WriteHtmlCacheBehavior [ RunTime:0.000189s ]
INFO: [ view_filter ] --END-- [ RunTime:0.000218s ]
INFO: [ app_end ] --START--
INFO: Run Behavior\ShowPageTraceBehavior [ RunTime:0.000442s ]
INFO: [ app_end ] --END-- [ RunTime:0.000474s ]

[ 2017-04-09T20:25:59+08:00 ] 127.0.0.1 /month_3/AppAdmin/index.php/Admin/Vip/vip_show.html?page=2&starttime=&endtime=&keyword=
INFO: [ app_init ] --START--
INFO: Run Behavior\BuildLiteBehavior [ RunTime:0.000010s ]
INFO: [ app_init ] --END-- [ RunTime:0.000324s ]
INFO: [ app_begin ] --START--
INFO: Run Behavior\ReadHtmlCacheBehavior [ RunTime:0.000592s ]
INFO: [ app_begin ] --END-- [ RunTime:0.000629s ]
SQL: SELECT * FROM `vip_select` WHERE ( v_city like '%%' ) LIMIT 1   [ RunTime:0.0109s ]
NOTIC: [2048] Declaration of Admin\Model\VipModel::add() should be compatible with Think\Model::add($data = '', $options = Array, $replace = false) E:\php\apache\htdocs\month_3\AppAdmin\App\Admin\Model\VipModel.class.php 第 67 行.
SQL: SELECT COUNT(*) AS tp_count FROM `vip` WHERE ( 1 ) LIMIT 1   [ RunTime:0.0003s ]
SQL: SELECT * FROM `vip` INNER JOIN vip_select on vip.v_id=vip_select.v_id  WHERE ( 1 ) ORDER BY id LIMIT 2,2   [ RunTime:0.0003s ]
INFO: [ view_parse ] --START--
INFO: [ template_filter ] --START--
INFO: Run Behavior\ContentReplaceBehavior [ RunTime:0.000036s ]
INFO: [ template_filter ] --END-- [ RunTime:0.000079s ]
INFO: Run Behavior\ParseTemplateBehavior [ RunTime:0.022571s ]
INFO: [ view_parse ] --END-- [ RunTime:0.022622s ]
INFO: [ view_filter ] --START--
INFO: Run Behavior\WriteHtmlCacheBehavior [ RunTime:0.000400s ]
INFO: [ view_filter ] --END-- [ RunTime:0.000433s ]
INFO: [ app_end ] --START--
INFO: Run Behavior\ShowPageTraceBehavior [ RunTime:0.000672s ]
INFO: [ app_end ] --END-- [ RunTime:0.000706s ]

[ 2017-04-09T20:25:59+08:00 ] 127.0.0.1 /month_3/AppAdmin/index.php/Admin/Vip/vip_show.html?page=3&starttime=&endtime=&keyword=
INFO: [ app_init ] --START--
INFO: Run Behavior\BuildLiteBehavior [ RunTime:0.000014s ]
INFO: [ app_init ] --END-- [ RunTime:0.000340s ]
INFO: [ app_begin ] --START--
INFO: Run Behavior\ReadHtmlCacheBehavior [ RunTime:0.000632s ]
INFO: [ app_begin ] --END-- [ RunTime:0.000670s ]
SQL: SELECT * FROM `vip_select` WHERE ( v_city like '%%' ) LIMIT 1   [ RunTime:0.0003s ]
NOTIC: [2048] Declaration of Admin\Model\VipModel::add() should be compatible with Think\Model::add($data = '', $options = Array, $replace = false) E:\php\apache\htdocs\month_3\AppAdmin\App\Admin\Model\VipModel.class.php 第 67 行.
SQL: SELECT COUNT(*) AS tp_count FROM `vip` WHERE ( 1 ) LIMIT 1   [ RunTime:0.0003s ]
SQL: SELECT * FROM `vip` INNER JOIN vip_select on vip.v_id=vip_select.v_id  WHERE ( 1 ) ORDER BY id LIMIT 4,2   [ RunTime:0.0003s ]
INFO: [ view_parse ] --START--
INFO: [ template_filter ] --START--
INFO: Run Behavior\ContentReplaceBehavior [ RunTime:0.000034s ]
INFO: [ template_filter ] --END-- [ RunTime:0.000074s ]
INFO: Run Behavior\ParseTemplateBehavior [ RunTime:0.009643s ]
INFO: [ view_parse ] --END-- [ RunTime:0.009683s ]
INFO: [ view_filter ] --START--
INFO: Run Behavior\WriteHtmlCacheBehavior [ RunTime:0.000359s ]
INFO: [ view_filter ] --END-- [ RunTime:0.000390s ]
INFO: [ app_end ] --START--
INFO: Run Behavior\ShowPageTraceBehavior [ RunTime:0.000608s ]
INFO: [ app_end ] --END-- [ RunTime:0.000638s ]

[ 2017-04-09T20:26:00+08:00 ] 127.0.0.1 /month_3/AppAdmin/index.php/Admin/Vip/vip_show.html?page=4&starttime=&endtime=&keyword=
INFO: [ app_init ] --START--
INFO: Run Behavior\BuildLiteBehavior [ RunTime:0.000010s ]
INFO: [ app_init ] --END-- [ RunTime:0.000306s ]
INFO: [ app_begin ] --START--
INFO: Run Behavior\ReadHtmlCacheBehavior [ RunTime:0.000592s ]
INFO: [ app_begin ] --END-- [ RunTime:0.000629s ]
SQL: SELECT * FROM `vip_select` WHERE ( v_city like '%%' ) LIMIT 1   [ RunTime:0.0004s ]
NOTIC: [2048] Declaration of Admin\Model\VipModel::add() should be compatible with Think\Model::add($data = '', $options = Array, $replace = false) E:\php\apache\htdocs\month_3\AppAdmin\App\Admin\Model\VipModel.class.php 第 67 行.
SQL: SELECT COUNT(*) AS tp_count FROM `vip` WHERE ( 1 ) LIMIT 1   [ RunTime:0.0005s ]
SQL: SELECT * FROM `vip` INNER JOIN vip_select on vip.v_id=vip_select.v_id  WHERE ( 1 ) ORDER BY id LIMIT 6,2   [ RunTime:0.0015s ]
INFO: [ view_parse ] --START--
INFO: [ template_filter ] --START--
INFO: Run Behavior\ContentReplaceBehavior [ RunTime:0.000034s ]
INFO: [ template_filter ] --END-- [ RunTime:0.000068s ]
INFO: Run Behavior\ParseTemplateBehavior [ RunTime:0.006600s ]
INFO: [ view_parse ] --END-- [ RunTime:0.006641s ]
INFO: [ view_filter ] --START--
INFO: Run Behavior\WriteHtmlCacheBehavior [ RunTime:0.000355s ]
INFO: [ view_filter ] --END-- [ RunTime:0.000387s ]
INFO: [ app_end ] --START--
INFO: Run Behavior\ShowPageTraceBehavior [ RunTime:0.000617s ]
INFO: [ app_end ] --END-- [ RunTime:0.000648s ]

[ 2017-04-09T20:26:01+08:00 ] 127.0.0.1 /month_3/AppAdmin/index.php/Admin/Vip/vip_show.html?page=5&starttime=&endtime=&keyword=
INFO: [ app_init ] --START--
INFO: Run Behavior\BuildLiteBehavior [ RunTime:0.000011s ]
INFO: [ app_init ] --END-- [ RunTime:0.000402s ]
INFO: [ app_begin ] --START--
INFO: Run Behavior\ReadHtmlCacheBehavior [ RunTime:0.000626s ]
INFO: [ app_begin ] --END-- [ RunTime:0.000665s ]
SQL: SELECT * FROM `vip_select` WHERE ( v_city like '%%' ) LIMIT 1   [ RunTime:0.0003s ]
NOTIC: [2048] Declaration of Admin\Model\VipModel::add() should be compatible with Think\Model::add($data = '', $options = Array, $replace = false) E:\php\apache\htdocs\month_3\AppAdmin\App\Admin\Model\VipModel.class.php 第 67 行.
SQL: SELECT COUNT(*) AS tp_count FROM `vip` WHERE ( 1 ) LIMIT 1   [ RunTime:0.0003s ]
SQL: SELECT * FROM `vip` INNER JOIN vip_select on vip.v_id=vip_select.v_id  WHERE ( 1 ) ORDER BY id LIMIT 8,2   [ RunTime:0.0003s ]
INFO: [ view_parse ] --START--
INFO: [ template_filter ] --START--
INFO: Run Behavior\ContentReplaceBehavior [ RunTime:0.000032s ]
INFO: [ template_filter ] --END-- [ RunTime:0.000067s ]
INFO: Run Behavior\ParseTemplateBehavior [ RunTime:0.006583s ]
INFO: [ view_parse ] --END-- [ RunTime:0.006623s ]
INFO: [ view_filter ] --START--
INFO: Run Behavior\WriteHtmlCacheBehavior [ RunTime:0.000356s ]
INFO: [ view_filter ] --END-- [ RunTime:0.000387s ]
INFO: [ app_end ] --START--
INFO: Run Behavior\ShowPageTraceBehavior [ RunTime:0.000633s ]
INFO: [ app_end ] --END-- [ RunTime:0.000664s ]

[ 2017-04-09T20:26:04+08:00 ] 127.0.0.1 /month_3/AppAdmin/index.php/Admin/Vip/vip_add.html?id=11&money=23
INFO: [ app_init ] --START--
INFO: Run Behavior\BuildLiteBehavior [ RunTime:0.000009s ]
INFO: [ app_init ] --END-- [ RunTime:0.000306s ]
INFO: [ app_begin ] --START--
INFO: Run Behavior\ReadHtmlCacheBehavior [ RunTime:0.000612s ]
INFO: [ app_begin ] --END-- [ RunTime:0.000682s ]
NOTIC: [2048] Declaration of Admin\Model\VipModel::add() should be compatible with Think\Model::add($data = '', $options = Array, $replace = false) E:\php\apache\htdocs\month_3\AppAdmin\App\Admin\Model\VipModel.class.php 第 4 行.
SQL: SELECT `v_money` FROM `vip` WHERE ( id=11 ) LIMIT 1   [ RunTime:0.0003s ]
SQL: UPDATE `vip` SET `v_money`='23' WHERE ( id=11 ) [ RunTime:0.0834s ]
SQL: SELECT `v_money` FROM `vip` WHERE ( id=11 ) LIMIT 1   [ RunTime:0.0006s ]
INFO: [ app_end ] --START--
INFO: Run Behavior\ShowPageTraceBehavior [ RunTime:0.002362s ]
INFO: [ app_end ] --END-- [ RunTime:0.002479s ]

[ 2017-04-09T20:26:06+08:00 ] 127.0.0.1 /month_3/AppAdmin/index.php/Admin/Vip/vip_add.html?id=11&money=23
INFO: [ app_init ] --START--
INFO: Run Behavior\BuildLiteBehavior [ RunTime:0.000012s ]
INFO: [ app_init ] --END-- [ RunTime:0.000372s ]
INFO: [ app_begin ] --START--
INFO: Run Behavior\ReadHtmlCacheBehavior [ RunTime:0.000721s ]
INFO: [ app_begin ] --END-- [ RunTime:0.000765s ]
NOTIC: [2048] Declaration of Admin\Model\VipModel::add() should be compatible with Think\Model::add($data = '', $options = Array, $replace = false) E:\php\apache\htdocs\month_3\AppAdmin\App\Admin\Model\VipModel.class.php 第 4 行.
SQL: SELECT `v_money` FROM `vip` WHERE ( id=11 ) LIMIT 1   [ RunTime:0.0003s ]
SQL: UPDATE `vip` SET `v_money`='46' WHERE ( id=11 ) [ RunTime:0.0533s ]
SQL: SELECT `v_money` FROM `vip` WHERE ( id=11 ) LIMIT 1   [ RunTime:0.0003s ]
INFO: [ app_end ] --START--
INFO: Run Behavior\ShowPageTraceBehavior [ RunTime:0.001264s ]
INFO: [ app_end ] --END-- [ RunTime:0.001369s ]

[ 2017-04-09T20:26:06+08:00 ] 127.0.0.1 /month_3/AppAdmin/index.php/Admin/Vip/vip_add.html?id=11&money=23
INFO: [ app_init ] --START--
INFO: Run Behavior\BuildLiteBehavior [ RunTime:0.000012s ]
INFO: [ app_init ] --END-- [ RunTime:0.000375s ]
INFO: [ app_begin ] --START--
INFO: Run Behavior\ReadHtmlCacheBehavior [ RunTime:0.000728s ]
INFO: [ app_begin ] --END-- [ RunTime:0.000774s ]
NOTIC: [2048] Declaration of Admin\Model\VipModel::add() should be compatible with Think\Model::add($data = '', $options = Array, $replace = false) E:\php\apache\htdocs\month_3\AppAdmin\App\Admin\Model\VipModel.class.php 第 4 行.
SQL: SELECT `v_money` FROM `vip` WHERE ( id=11 ) LIMIT 1   [ RunTime:0.0003s ]
SQL: UPDATE `vip` SET `v_money`='69' WHERE ( id=11 ) [ RunTime:0.0494s ]
SQL: SELECT `v_money` FROM `vip` WHERE ( id=11 ) LIMIT 1   [ RunTime:0.0007s ]
INFO: [ app_end ] --START--
INFO: Run Behavior\ShowPageTraceBehavior [ RunTime:0.002654s ]
INFO: [ app_end ] --END-- [ RunTime:0.002787s ]

[ 2017-04-09T20:26:09+08:00 ] 127.0.0.1 /month_3/AppAdmin/index.php/Admin/Vip/vip_add.html?id=12&money=15
INFO: [ app_init ] --START--
INFO: Run Behavior\BuildLiteBehavior [ RunTime:0.000011s ]
INFO: [ app_init ] --END-- [ RunTime:0.000320s ]
INFO: [ app_begin ] --START--
INFO: Run Behavior\ReadHtmlCacheBehavior [ RunTime:0.000616s ]
INFO: [ app_begin ] --END-- [ RunTime:0.000654s ]
NOTIC: [2048] Declaration of Admin\Model\VipModel::add() should be compatible with Think\Model::add($data = '', $options = Array, $replace = false) E:\php\apache\htdocs\month_3\AppAdmin\App\Admin\Model\VipModel.class.php 第 4 行.
SQL: SELECT `v_money` FROM `vip` WHERE ( id=12 ) LIMIT 1   [ RunTime:0.0002s ]
SQL: UPDATE `vip` SET `v_money`='15' WHERE ( id=12 ) [ RunTime:0.0519s ]
SQL: SELECT `v_money` FROM `vip` WHERE ( id=12 ) LIMIT 1   [ RunTime:0.0003s ]
INFO: [ app_end ] --START--
INFO: Run Behavior\ShowPageTraceBehavior [ RunTime:0.000858s ]
INFO: [ app_end ] --END-- [ RunTime:0.000902s ]

[ 2017-04-09T20:26:11+08:00 ] 127.0.0.1 /month_3/AppAdmin/index.php/Admin/Vip/vip_add.html?id=12&money=15
INFO: [ app_init ] --START--
INFO: Run Behavior\BuildLiteBehavior [ RunTime:0.000010s ]
INFO: [ app_init ] --END-- [ RunTime:0.000323s ]
INFO: [ app_begin ] --START--
INFO: Run Behavior\ReadHtmlCacheBehavior [ RunTime:0.000627s ]
INFO: [ app_begin ] --END-- [ RunTime:0.000668s ]
NOTIC: [2048] Declaration of Admin\Model\VipModel::add() should be compatible with Think\Model::add($data = '', $options = Array, $replace = false) E:\php\apache\htdocs\month_3\AppAdmin\App\Admin\Model\VipModel.class.php 第 4 行.
SQL: SELECT `v_money` FROM `vip` WHERE ( id=12 ) LIMIT 1   [ RunTime:0.0003s ]
SQL: UPDATE `vip` SET `v_money`='30' WHERE ( id=12 ) [ RunTime:0.0270s ]
SQL: SELECT `v_money` FROM `vip` WHERE ( id=12 ) LIMIT 1   [ RunTime:0.0002s ]
INFO: [ app_end ] --START--
INFO: Run Behavior\ShowPageTraceBehavior [ RunTime:0.000791s ]
INFO: [ app_end ] --END-- [ RunTime:0.000833s ]

[ 2017-04-09T20:26:12+08:00 ] 127.0.0.1 /month_3/AppAdmin/index.php/Admin/Vip/vip_add.html?id=11&money=23
INFO: [ app_init ] --START--
INFO: Run Behavior\BuildLiteBehavior [ RunTime:0.000013s ]
INFO: [ app_init ] --END-- [ RunTime:0.000328s ]
INFO: [ app_begin ] --START--
INFO: Run Behavior\ReadHtmlCacheBehavior [ RunTime:0.000598s ]
INFO: [ app_begin ] --END-- [ RunTime:0.000636s ]
NOTIC: [2048] Declaration of Admin\Model\VipModel::add() should be compatible with Think\Model::add($data = '', $options = Array, $replace = false) E:\php\apache\htdocs\month_3\AppAdmin\App\Admin\Model\VipModel.class.php 第 4 行.
SQL: SELECT `v_money` FROM `vip` WHERE ( id=11 ) LIMIT 1   [ RunTime:0.0003s ]
SQL: UPDATE `vip` SET `v_money`='92' WHERE ( id=11 ) [ RunTime:0.0482s ]
SQL: SELECT `v_money` FROM `vip` WHERE ( id=11 ) LIMIT 1   [ RunTime:0.0004s ]
INFO: [ app_end ] --START--
INFO: Run Behavior\ShowPageTraceBehavior [ RunTime:0.001466s ]
INFO: [ app_end ] --END-- [ RunTime:0.001538s ]

[ 2017-04-09T20:26:13+08:00 ] 127.0.0.1 /month_3/AppAdmin/index.php/Admin/Vip/vip_add.html?id=12&money=15
INFO: [ app_init ] --START--
INFO: Run Behavior\BuildLiteBehavior [ RunTime:0.000010s ]
INFO: [ app_init ] --END-- [ RunTime:0.000304s ]
INFO: [ app_begin ] --START--
INFO: Run Behavior\ReadHtmlCacheBehavior [ RunTime:0.000603s ]
INFO: [ app_begin ] --END-- [ RunTime:0.000640s ]
NOTIC: [2048] Declaration of Admin\Model\VipModel::add() should be compatible with Think\Model::add($data = '', $options = Array, $replace = false) E:\php\apache\htdocs\month_3\AppAdmin\App\Admin\Model\VipModel.class.php 第 4 行.
SQL: SELECT `v_money` FROM `vip` WHERE ( id=12 ) LIMIT 1   [ RunTime:0.0003s ]
SQL: UPDATE `vip` SET `v_money`='45' WHERE ( id=12 ) [ RunTime:0.0676s ]
SQL: SELECT `v_money` FROM `vip` WHERE ( id=12 ) LIMIT 1   [ RunTime:0.0008s ]
INFO: [ app_end ] --START--
INFO: Run Behavior\ShowPageTraceBehavior [ RunTime:0.003434s ]
INFO: [ app_end ] --END-- [ RunTime:0.003600s ]

[ 2017-04-09T20:26:17+08:00 ] 127.0.0.1 /month_3/AppAdmin/index.php/Admin/Vip/vip_show.html?page=6&starttime=&endtime=&keyword=
INFO: [ app_init ] --START--
INFO: Run Behavior\BuildLiteBehavior [ RunTime:0.000010s ]
INFO: [ app_init ] --END-- [ RunTime:0.000319s ]
INFO: [ app_begin ] --START--
INFO: Run Behavior\ReadHtmlCacheBehavior [ RunTime:0.000616s ]
INFO: [ app_begin ] --END-- [ RunTime:0.000653s ]
SQL: SELECT * FROM `vip_select` WHERE ( v_city like '%%' ) LIMIT 1   [ RunTime:0.0003s ]
NOTIC: [2048] Declaration of Admin\Model\VipModel::add() should be compatible with Think\Model::add($data = '', $options = Array, $replace = false) E:\php\apache\htdocs\month_3\AppAdmin\App\Admin\Model\VipModel.class.php 第 67 行.
SQL: SELECT COUNT(*) AS tp_count FROM `vip` WHERE ( 1 ) LIMIT 1   [ RunTime:0.0003s ]
SQL: SELECT * FROM `vip` INNER JOIN vip_select on vip.v_id=vip_select.v_id  WHERE ( 1 ) ORDER BY id LIMIT 10,2   [ RunTime:0.0003s ]
INFO: [ view_parse ] --START--
INFO: [ template_filter ] --START--
INFO: Run Behavior\ContentReplaceBehavior [ RunTime:0.000032s ]
INFO: [ template_filter ] --END-- [ RunTime:0.000068s ]
INFO: Run Behavior\ParseTemplateBehavior [ RunTime:0.006596s ]
INFO: [ view_parse ] --END-- [ RunTime:0.006642s ]
INFO: [ view_filter ] --START--
INFO: Run Behavior\WriteHtmlCacheBehavior [ RunTime:0.000361s ]
INFO: [ view_filter ] --END-- [ RunTime:0.000392s ]
INFO: [ app_end ] --START--
INFO: Run Behavior\ShowPageTraceBehavior [ RunTime:0.000600s ]
INFO: [ app_end ] --END-- [ RunTime:0.000631s ]

[ 2017-04-09T20:26:19+08:00 ] 127.0.0.1 /month_3/AppAdmin/index.php/Admin/Vip/vip_add.html?id=14&money=34
INFO: [ app_init ] --START--
INFO: Run Behavior\BuildLiteBehavior [ RunTime:0.000009s ]
INFO: [ app_init ] --END-- [ RunTime:0.000317s ]
INFO: [ app_begin ] --START--
INFO: Run Behavior\ReadHtmlCacheBehavior [ RunTime:0.000623s ]
INFO: [ app_begin ] --END-- [ RunTime:0.000663s ]
NOTIC: [2048] Declaration of Admin\Model\VipModel::add() should be compatible with Think\Model::add($data = '', $options = Array, $replace = false) E:\php\apache\htdocs\month_3\AppAdmin\App\Admin\Model\VipModel.class.php 第 4 行.
SQL: SELECT `v_money` FROM `vip` WHERE ( id=14 ) LIMIT 1   [ RunTime:0.0003s ]
SQL: UPDATE `vip` SET `v_money`='34' WHERE ( id=14 ) [ RunTime:0.0631s ]
SQL: SELECT `v_money` FROM `vip` WHERE ( id=14 ) LIMIT 1   [ RunTime:0.0003s ]
INFO: [ app_end ] --START--
INFO: Run Behavior\ShowPageTraceBehavior [ RunTime:0.000819s ]
INFO: [ app_end ] --END-- [ RunTime:0.000857s ]

[ 2017-04-09T20:26:20+08:00 ] 127.0.0.1 /month_3/AppAdmin/index.php/Admin/Vip/vip_add.html?id=14&money=34
INFO: [ app_init ] --START--
INFO: Run Behavior\BuildLiteBehavior [ RunTime:0.000011s ]
INFO: [ app_init ] --END-- [ RunTime:0.000323s ]
INFO: [ app_begin ] --START--
INFO: Run Behavior\ReadHtmlCacheBehavior [ RunTime:0.000619s ]
INFO: [ app_begin ] --END-- [ RunTime:0.000656s ]
NOTIC: [2048] Declaration of Admin\Model\VipModel::add() should be compatible with Think\Model::add($data = '', $options = Array, $replace = false) E:\php\apache\htdocs\month_3\AppAdmin\App\Admin\Model\VipModel.class.php 第 4 行.
SQL: SELECT `v_money` FROM `vip` WHERE ( id=14 ) LIMIT 1   [ RunTime:0.0003s ]
SQL: UPDATE `vip` SET `v_money`='68' WHERE ( id=14 ) [ RunTime:0.0766s ]
SQL: SELECT `v_money` FROM `vip` WHERE ( id=14 ) LIMIT 1   [ RunTime:0.0007s ]
INFO: [ app_end ] --START--
INFO: Run Behavior\ShowPageTraceBehavior [ RunTime:0.002733s ]
INFO: [ app_end ] --END-- [ RunTime:0.002860s ]

[ 2017-04-09T20:26:24+08:00 ] 127.0.0.1 /month_3/AppAdmin/index.php/Admin/Vip/vip_add.html?id=13&money=13
INFO: [ app_init ] --START--
INFO: Run Behavior\BuildLiteBehavior [ RunTime:0.000010s ]
INFO: [ app_init ] --END-- [ RunTime:0.000324s ]
INFO: [ app_begin ] --START--
INFO: Run Behavior\ReadHtmlCacheBehavior [ RunTime:0.000591s ]
INFO: [ app_begin ] --END-- [ RunTime:0.000627s ]
NOTIC: [2048] Declaration of Admin\Model\VipModel::add() should be compatible with Think\Model::add($data = '', $options = Array, $replace = false) E:\php\apache\htdocs\month_3\AppAdmin\App\Admin\Model\VipModel.class.php 第 4 行.
SQL: SELECT `v_money` FROM `vip` WHERE ( id=13 ) LIMIT 1   [ RunTime:0.0003s ]
SQL: UPDATE `vip` SET `v_money`='59' WHERE ( id=13 ) [ RunTime:0.0575s ]
SQL: SELECT `v_money` FROM `vip` WHERE ( id=13 ) LIMIT 1   [ RunTime:0.0007s ]
INFO: [ app_end ] --START--
INFO: Run Behavior\ShowPageTraceBehavior [ RunTime:0.002340s ]
INFO: [ app_end ] --END-- [ RunTime:0.002462s ]

[ 2017-04-09T20:26:25+08:00 ] 127.0.0.1 /month_3/AppAdmin/index.php/Admin/Vip/vip_add.html?id=13&money=13
INFO: [ app_init ] --START--
INFO: Run Behavior\BuildLiteBehavior [ RunTime:0.000018s ]
INFO: [ app_init ] --END-- [ RunTime:0.000375s ]
INFO: [ app_begin ] --START--
INFO: Run Behavior\ReadHtmlCacheBehavior [ RunTime:0.000617s ]
INFO: [ app_begin ] --END-- [ RunTime:0.000656s ]
NOTIC: [2048] Declaration of Admin\Model\VipModel::add() should be compatible with Think\Model::add($data = '', $options = Array, $replace = false) E:\php\apache\htdocs\month_3\AppAdmin\App\Admin\Model\VipModel.class.php 第 4 行.
SQL: SELECT `v_money` FROM `vip` WHERE ( id=13 ) LIMIT 1   [ RunTime:0.0003s ]
SQL: UPDATE `vip` SET `v_money`='72' WHERE ( id=13 ) [ RunTime:0.0553s ]
SQL: SELECT `v_money` FROM `vip` WHERE ( id=13 ) LIMIT 1   [ RunTime:0.0007s ]
INFO: [ app_end ] --START--
INFO: Run Behavior\ShowPageTraceBehavior [ RunTime:0.002338s ]
INFO: [ app_end ] --END-- [ RunTime:0.002453s ]

[ 2017-04-09T20:26:33+08:00 ] 127.0.0.1 /month_3/AppAdmin/index.php/Admin/Vip/vip_show.html?page=7&starttime=&endtime=&keyword=
INFO: [ app_init ] --START--
INFO: Run Behavior\BuildLiteBehavior [ RunTime:0.000010s ]
INFO: [ app_init ] --END-- [ RunTime:0.000316s ]
INFO: [ app_begin ] --START--
INFO: Run Behavior\ReadHtmlCacheBehavior [ RunTime:0.000639s ]
INFO: [ app_begin ] --END-- [ RunTime:0.000675s ]
SQL: SELECT * FROM `vip_select` WHERE ( v_city like '%%' ) LIMIT 1   [ RunTime:0.0003s ]
NOTIC: [2048] Declaration of Admin\Model\VipModel::add() should be compatible with Think\Model::add($data = '', $options = Array, $replace = false) E:\php\apache\htdocs\month_3\AppAdmin\App\Admin\Model\VipModel.class.php 第 67 行.
SQL: SELECT COUNT(*) AS tp_count FROM `vip` WHERE ( 1 ) LIMIT 1   [ RunTime:0.0003s ]
SQL: SELECT * FROM `vip` INNER JOIN vip_select on vip.v_id=vip_select.v_id  WHERE ( 1 ) ORDER BY id LIMIT 12,2   [ RunTime:0.0003s ]
INFO: [ view_parse ] --START--
INFO: [ template_filter ] --START--
INFO: Run Behavior\ContentReplaceBehavior [ RunTime:0.000034s ]
INFO: [ template_filter ] --END-- [ RunTime:0.000077s ]
INFO: Run Behavior\ParseTemplateBehavior [ RunTime:0.007523s ]
INFO: [ view_parse ] --END-- [ RunTime:0.007572s ]
INFO: [ view_filter ] --START--
INFO: Run Behavior\WriteHtmlCacheBehavior [ RunTime:0.000395s ]
INFO: [ view_filter ] --END-- [ RunTime:0.000428s ]
INFO: [ app_end ] --START--
INFO: Run Behavior\ShowPageTraceBehavior [ RunTime:0.000649s ]
INFO: [ app_end ] --END-- [ RunTime:0.000683s ]

[ 2017-04-09T20:26:33+08:00 ] 127.0.0.1 /month_3/AppAdmin/index.php/Admin/Vip/vip_show.html?page=7&starttime=&endtime=&keyword=
INFO: [ app_init ] --START--
INFO: Run Behavior\BuildLiteBehavior [ RunTime:0.000012s ]
INFO: [ app_init ] --END-- [ RunTime:0.000369s ]
INFO: [ app_begin ] --START--
INFO: Run Behavior\ReadHtmlCacheBehavior [ RunTime:0.000723s ]
INFO: [ app_begin ] --END-- [ RunTime:0.000768s ]
SQL: SELECT * FROM `vip_select` WHERE ( v_city like '%%' ) LIMIT 1   [ RunTime:0.0003s ]
NOTIC: [2048] Declaration of Admin\Model\VipModel::add() should be compatible with Think\Model::add($data = '', $options = Array, $replace = false) E:\php\apache\htdocs\month_3\AppAdmin\App\Admin\Model\VipModel.class.php 第 67 行.
SQL: SELECT COUNT(*) AS tp_count FROM `vip` WHERE ( 1 ) LIMIT 1   [ RunTime:0.0003s ]
SQL: SELECT * FROM `vip` INNER JOIN vip_select on vip.v_id=vip_select.v_id  WHERE ( 1 ) ORDER BY id LIMIT 12,2   [ RunTime:0.0003s ]
INFO: [ view_parse ] --START--
INFO: [ template_filter ] --START--
INFO: Run Behavior\ContentReplaceBehavior [ RunTime:0.000032s ]
INFO: [ template_filter ] --END-- [ RunTime:0.000067s ]
INFO: Run Behavior\ParseTemplateBehavior [ RunTime:0.006577s ]
INFO: [ view_parse ] --END-- [ RunTime:0.006617s ]
INFO: [ view_filter ] --START--
INFO: Run Behavior\WriteHtmlCacheBehavior [ RunTime:0.000360s ]
INFO: [ view_filter ] --END-- [ RunTime:0.000391s ]
INFO: [ app_end ] --START--
INFO: Run Behavior\ShowPageTraceBehavior [ RunTime:0.000601s ]
INFO: [ app_end ] --END-- [ RunTime:0.000631s ]

[ 2017-04-09T20:26:36+08:00 ] 127.0.0.1 /month_3/AppAdmin/index.php/Admin/Vip/vip_add.html?id=15&money=12
INFO: [ app_init ] --START--
INFO: Run Behavior\BuildLiteBehavior [ RunTime:0.000013s ]
INFO: [ app_init ] --END-- [ RunTime:0.000372s ]
INFO: [ app_begin ] --START--
INFO: Run Behavior\ReadHtmlCacheBehavior [ RunTime:0.000718s ]
INFO: [ app_begin ] --END-- [ RunTime:0.000763s ]
NOTIC: [2048] Declaration of Admin\Model\VipModel::add() should be compatible with Think\Model::add($data = '', $options = Array, $replace = false) E:\php\apache\htdocs\month_3\AppAdmin\App\Admin\Model\VipModel.class.php 第 4 行.
SQL: SELECT `v_money` FROM `vip` WHERE ( id=15 ) LIMIT 1   [ RunTime:0.0003s ]
SQL: UPDATE `vip` SET `v_money`='12' WHERE ( id=15 ) [ RunTime:0.0526s ]
SQL: SELECT `v_money` FROM `vip` WHERE ( id=15 ) LIMIT 1   [ RunTime:0.0007s ]
INFO: [ app_end ] --START--
INFO: Run Behavior\ShowPageTraceBehavior [ RunTime:0.002365s ]
INFO: [ app_end ] --END-- [ RunTime:0.002493s ]

[ 2017-04-09T20:26:37+08:00 ] 127.0.0.1 /month_3/AppAdmin/index.php/Admin/Vip/vip_add.html?id=15&money=12
INFO: [ app_init ] --START--
INFO: Run Behavior\BuildLiteBehavior [ RunTime:0.000012s ]
INFO: [ app_init ] --END-- [ RunTime:0.000373s ]
INFO: [ app_begin ] --START--
INFO: Run Behavior\ReadHtmlCacheBehavior [ RunTime:0.000881s ]
INFO: [ app_begin ] --END-- [ RunTime:0.000930s ]
NOTIC: [2048] Declaration of Admin\Model\VipModel::add() should be compatible with Think\Model::add($data = '', $options = Array, $replace = false) E:\php\apache\htdocs\month_3\AppAdmin\App\Admin\Model\VipModel.class.php 第 4 行.
SQL: SELECT `v_money` FROM `vip` WHERE ( id=15 ) LIMIT 1   [ RunTime:0.0003s ]
SQL: UPDATE `vip` SET `v_money`='24' WHERE ( id=15 ) [ RunTime:0.0368s ]
SQL: SELECT `v_money` FROM `vip` WHERE ( id=15 ) LIMIT 1   [ RunTime:0.0003s ]
INFO: [ app_end ] --START--
INFO: Run Behavior\ShowPageTraceBehavior [ RunTime:0.000854s ]
INFO: [ app_end ] --END-- [ RunTime:0.000898s ]

[ 2017-04-09T20:26:40+08:00 ] 127.0.0.1 /month_3/AppAdmin/index.php/Admin/Vip/del.html?page=7&id=15
INFO: [ app_init ] --START--
INFO: Run Behavior\BuildLiteBehavior [ RunTime:0.000010s ]
INFO: [ app_init ] --END-- [ RunTime:0.000305s ]
INFO: [ app_begin ] --START--
INFO: Run Behavior\ReadHtmlCacheBehavior [ RunTime:0.000595s ]
INFO: [ app_begin ] --END-- [ RunTime:0.000632s ]
NOTIC: [2048] Declaration of Admin\Model\VipModel::add() should be compatible with Think\Model::add($data = '', $options = Array, $replace = false) E:\php\apache\htdocs\month_3\AppAdmin\App\Admin\Model\VipModel.class.php 第 4 行.
SQL: DELETE FROM `vip` WHERE ( id=15 ) [ RunTime:0.0809s ]
SQL: SELECT * FROM `vip_select` WHERE ( v_city like '%%' ) LIMIT 1   [ RunTime:0.0006s ]
SQL: SELECT COUNT(*) AS tp_count FROM `vip` WHERE ( 1 ) LIMIT 1   [ RunTime:0.0004s ]
SQL: SELECT * FROM `vip` INNER JOIN vip_select on vip.v_id=vip_select.v_id  WHERE ( 1 ) ORDER BY id LIMIT 12,2   [ RunTime:0.0007s ]
INFO: [ view_parse ] --START--
INFO: [ template_filter ] --START--
INFO: Run Behavior\ContentReplaceBehavior [ RunTime:0.000106s ]
INFO: [ template_filter ] --END-- [ RunTime:0.000229s ]
INFO: Run Behavior\ParseTemplateBehavior [ RunTime:0.023093s ]
INFO: [ view_parse ] --END-- [ RunTime:0.023234s ]
INFO: [ view_filter ] --START--
INFO: Run Behavior\WriteHtmlCacheBehavior [ RunTime:0.001226s ]
INFO: [ view_filter ] --END-- [ RunTime:0.001329s ]
INFO: [ app_end ] --START--
INFO: Run Behavior\ShowPageTraceBehavior [ RunTime:0.002078s ]
INFO: [ app_end ] --END-- [ RunTime:0.002183s ]

[ 2017-04-09T20:26:44+08:00 ] 127.0.0.1 /month_3/AppAdmin/index.php/Admin/Vip/vip_add.html?id=16&money=23
INFO: [ app_init ] --START--
INFO: Run Behavior\BuildLiteBehavior [ RunTime:0.000011s ]
INFO: [ app_init ] --END-- [ RunTime:0.000342s ]
INFO: [ app_begin ] --START--
INFO: Run Behavior\ReadHtmlCacheBehavior [ RunTime:0.000597s ]
INFO: [ app_begin ] --END-- [ RunTime:0.000634s ]
NOTIC: [2048] Declaration of Admin\Model\VipModel::add() should be compatible with Think\Model::add($data = '', $options = Array, $replace = false) E:\php\apache\htdocs\month_3\AppAdmin\App\Admin\Model\VipModel.class.php 第 4 行.
SQL: SELECT `v_money` FROM `vip` WHERE ( id=16 ) LIMIT 1   [ RunTime:0.0003s ]
SQL: UPDATE `vip` SET `v_money`='23' WHERE ( id=16 ) [ RunTime:0.0541s ]
SQL: SELECT `v_money` FROM `vip` WHERE ( id=16 ) LIMIT 1   [ RunTime:0.0006s ]
INFO: [ app_end ] --START--
INFO: Run Behavior\ShowPageTraceBehavior [ RunTime:0.002091s ]
INFO: [ app_end ] --END-- [ RunTime:0.002196s ]

[ 2017-04-09T20:26:45+08:00 ] 127.0.0.1 /month_3/AppAdmin/index.php/Admin/Vip/vip_add.html?id=16&money=23
INFO: [ app_init ] --START--
INFO: Run Behavior\BuildLiteBehavior [ RunTime:0.000011s ]
INFO: [ app_init ] --END-- [ RunTime:0.000319s ]
INFO: [ app_begin ] --START--
INFO: Run Behavior\ReadHtmlCacheBehavior [ RunTime:0.000616s ]
INFO: [ app_begin ] --END-- [ RunTime:0.000653s ]
NOTIC: [2048] Declaration of Admin\Model\VipModel::add() should be compatible with Think\Model::add($data = '', $options = Array, $replace = false) E:\php\apache\htdocs\month_3\AppAdmin\App\Admin\Model\VipModel.class.php 第 4 行.
SQL: SELECT `v_money` FROM `vip` WHERE ( id=16 ) LIMIT 1   [ RunTime:0.0003s ]
SQL: UPDATE `vip` SET `v_money`='46' WHERE ( id=16 ) [ RunTime:0.0802s ]
SQL: SELECT `v_money` FROM `vip` WHERE ( id=16 ) LIMIT 1   [ RunTime:0.0006s ]
INFO: [ app_end ] --START--
INFO: Run Behavior\ShowPageTraceBehavior [ RunTime:0.002336s ]
INFO: [ app_end ] --END-- [ RunTime:0.002452s ]

[ 2017-04-09T20:26:45+08:00 ] 127.0.0.1 /month_3/AppAdmin/index.php/Admin/Vip/vip_add.html?id=16&money=23
INFO: [ app_init ] --START--
INFO: Run Behavior\BuildLiteBehavior [ RunTime:0.000012s ]
INFO: [ app_init ] --END-- [ RunTime:0.000370s ]
INFO: [ app_begin ] --START--
INFO: Run Behavior\ReadHtmlCacheBehavior [ RunTime:0.000615s ]
INFO: [ app_begin ] --END-- [ RunTime:0.000652s ]
NOTIC: [2048] Declaration of Admin\Model\VipModel::add() should be compatible with Think\Model::add($data = '', $options = Array, $replace = false) E:\php\apache\htdocs\month_3\AppAdmin\App\Admin\Model\VipModel.class.php 第 4 行.
SQL: SELECT `v_money` FROM `vip` WHERE ( id=16 ) LIMIT 1   [ RunTime:0.0002s ]
SQL: UPDATE `vip` SET `v_money`='69' WHERE ( id=16 ) [ RunTime:0.0307s ]
SQL: SELECT `v_money` FROM `vip` WHERE ( id=16 ) LIMIT 1   [ RunTime:0.0005s ]
INFO: [ app_end ] --START--
INFO: Run Behavior\ShowPageTraceBehavior [ RunTime:0.000840s ]
INFO: [ app_end ] --END-- [ RunTime:0.000879s ]

[ 2017-04-09T20:26:45+08:00 ] 127.0.0.1 /month_3/AppAdmin/index.php/Admin/Vip/vip_add.html?id=16&money=23
INFO: [ app_init ] --START--
INFO: Run Behavior\BuildLiteBehavior [ RunTime:0.000012s ]
INFO: [ app_init ] --END-- [ RunTime:0.000320s ]
INFO: [ app_begin ] --START--
INFO: Run Behavior\ReadHtmlCacheBehavior [ RunTime:0.000614s ]
INFO: [ app_begin ] --END-- [ RunTime:0.000652s ]
NOTIC: [2048] Declaration of Admin\Model\VipModel::add() should be compatible with Think\Model::add($data = '', $options = Array, $replace = false) E:\php\apache\htdocs\month_3\AppAdmin\App\Admin\Model\VipModel.class.php 第 4 行.
SQL: SELECT `v_money` FROM `vip` WHERE ( id=16 ) LIMIT 1   [ RunTime:0.0003s ]
SQL: UPDATE `vip` SET `v_money`='92' WHERE ( id=16 ) [ RunTime:0.0367s ]
SQL: SELECT `v_money` FROM `vip` WHERE ( id=16 ) LIMIT 1   [ RunTime:0.0004s ]
INFO: [ app_end ] --START--
INFO: Run Behavior\ShowPageTraceBehavior [ RunTime:0.000765s ]
INFO: [ app_end ] --END-- [ RunTime:0.000804s ]

[ 2017-04-09T20:26:46+08:00 ] 127.0.0.1 /month_3/AppAdmin/index.php/Admin/Vip/vip_add.html?id=16&money=23
INFO: [ app_init ] --START--
INFO: Run Behavior\BuildLiteBehavior [ RunTime:0.000013s ]
INFO: [ app_init ] --END-- [ RunTime:0.000381s ]
INFO: [ app_begin ] --START--
INFO: Run Behavior\ReadHtmlCacheBehavior [ RunTime:0.000618s ]
INFO: [ app_begin ] --END-- [ RunTime:0.000669s ]
NOTIC: [2048] Declaration of Admin\Model\VipModel::add() should be compatible with Think\Model::add($data = '', $options = Array, $replace = false) E:\php\apache\htdocs\month_3\AppAdmin\App\Admin\Model\VipModel.class.php 第 4 行.
SQL: SELECT `v_money` FROM `vip` WHERE ( id=16 ) LIMIT 1   [ RunTime:0.0003s ]
SQL: UPDATE `vip` SET `v_money`='115' WHERE ( id=16 ) [ RunTime:0.0294s ]
SQL: SELECT `v_money` FROM `vip` WHERE ( id=16 ) LIMIT 1   [ RunTime:0.0004s ]
INFO: [ app_end ] --START--
INFO: Run Behavior\ShowPageTraceBehavior [ RunTime:0.000767s ]
INFO: [ app_end ] --END-- [ RunTime:0.000805s ]

[ 2017-04-09T20:26:46+08:00 ] 127.0.0.1 /month_3/AppAdmin/index.php/Admin/Vip/vip_add.html?id=16&money=23
INFO: [ app_init ] --START--
INFO: Run Behavior\BuildLiteBehavior [ RunTime:0.000012s ]
INFO: [ app_init ] --END-- [ RunTime:0.000374s ]
INFO: [ app_begin ] --START--
INFO: Run Behavior\ReadHtmlCacheBehavior [ RunTime:0.000724s ]
INFO: [ app_begin ] --END-- [ RunTime:0.000768s ]
NOTIC: [2048] Declaration of Admin\Model\VipModel::add() should be compatible with Think\Model::add($data = '', $options = Array, $replace = false) E:\php\apache\htdocs\month_3\AppAdmin\App\Admin\Model\VipModel.class.php 第 4 行.
SQL: SELECT `v_money` FROM `vip` WHERE ( id=16 ) LIMIT 1   [ RunTime:0.0003s ]
SQL: UPDATE `vip` SET `v_money`='138' WHERE ( id=16 ) [ RunTime:0.0312s ]
SQL: SELECT `v_money` FROM `vip` WHERE ( id=16 ) LIMIT 1   [ RunTime:0.0004s ]
INFO: [ app_end ] --START--
INFO: Run Behavior\ShowPageTraceBehavior [ RunTime:0.000773s ]
INFO: [ app_end ] --END-- [ RunTime:0.000812s ]

[ 2017-04-09T20:26:46+08:00 ] 127.0.0.1 /month_3/AppAdmin/index.php/Admin/Vip/vip_add.html?id=16&money=23
INFO: [ app_init ] --START--
INFO: Run Behavior\BuildLiteBehavior [ RunTime:0.000011s ]
INFO: [ app_init ] --END-- [ RunTime:0.000313s ]
INFO: [ app_begin ] --START--
INFO: Run Behavior\ReadHtmlCacheBehavior [ RunTime:0.000842s ]
INFO: [ app_begin ] --END-- [ RunTime:0.000895s ]
NOTIC: [2048] Declaration of Admin\Model\VipModel::add() should be compatible with Think\Model::add($data = '', $options = Array, $replace = false) E:\php\apache\htdocs\month_3\AppAdmin\App\Admin\Model\VipModel.class.php 第 4 行.
SQL: SELECT `v_money` FROM `vip` WHERE ( id=16 ) LIMIT 1   [ RunTime:0.0003s ]
SQL: UPDATE `vip` SET `v_money`='161' WHERE ( id=16 ) [ RunTime:0.0600s ]
SQL: SELECT `v_money` FROM `vip` WHERE ( id=16 ) LIMIT 1   [ RunTime:0.0005s ]
INFO: [ app_end ] --START--
INFO: Run Behavior\ShowPageTraceBehavior [ RunTime:0.001486s ]
INFO: [ app_end ] --END-- [ RunTime:0.001557s ]

[ 2017-04-09T20:26:46+08:00 ] 127.0.0.1 /month_3/AppAdmin/index.php/Admin/Vip/vip_add.html?id=16&money=23
INFO: [ app_init ] --START--
INFO: Run Behavior\BuildLiteBehavior [ RunTime:0.000011s ]
INFO: [ app_init ] --END-- [ RunTime:0.000368s ]
INFO: [ app_begin ] --START--
INFO: Run Behavior\ReadHtmlCacheBehavior [ RunTime:0.000728s ]
INFO: [ app_begin ] --END-- [ RunTime:0.000776s ]
NOTIC: [2048] Declaration of Admin\Model\VipModel::add() should be compatible with Think\Model::add($data = '', $options = Array, $replace = false) E:\php\apache\htdocs\month_3\AppAdmin\App\Admin\Model\VipModel.class.php 第 4 行.
SQL: SELECT `v_money` FROM `vip` WHERE ( id=16 ) LIMIT 1   [ RunTime:0.0003s ]
SQL: UPDATE `vip` SET `v_money`='184' WHERE ( id=16 ) [ RunTime:0.0588s ]
SQL: SELECT `v_money` FROM `vip` WHERE ( id=16 ) LIMIT 1   [ RunTime:0.0006s ]
INFO: [ app_end ] --START--
INFO: Run Behavior\ShowPageTraceBehavior [ RunTime:0.002085s ]
INFO: [ app_end ] --END-- [ RunTime:0.002186s ]

[ 2017-04-09T20:26:55+08:00 ] 127.0.0.1 /month_3/AppAdmin/index.php/Admin/Vip/vip_add.html?id=16&money=-14
INFO: [ app_init ] --START--
INFO: Run Behavior\BuildLiteBehavior [ RunTime:0.000010s ]
INFO: [ app_init ] --END-- [ RunTime:0.000312s ]
INFO: [ app_begin ] --START--
INFO: Run Behavior\ReadHtmlCacheBehavior [ RunTime:0.000592s ]
INFO: [ app_begin ] --END-- [ RunTime:0.000629s ]
NOTIC: [2048] Declaration of Admin\Model\VipModel::add() should be compatible with Think\Model::add($data = '', $options = Array, $replace = false) E:\php\apache\htdocs\month_3\AppAdmin\App\Admin\Model\VipModel.class.php 第 4 行.
SQL: SELECT `v_money` FROM `vip` WHERE ( id=16 ) LIMIT 1   [ RunTime:0.0003s ]
SQL: UPDATE `vip` SET `v_money`='170' WHERE ( id=16 ) [ RunTime:0.0496s ]
SQL: SELECT `v_money` FROM `vip` WHERE ( id=16 ) LIMIT 1   [ RunTime:0.0006s ]
INFO: [ app_end ] --START--
INFO: Run Behavior\ShowPageTraceBehavior [ RunTime:0.002614s ]
INFO: [ app_end ] --END-- [ RunTime:0.002741s ]

[ 2017-04-09T20:26:56+08:00 ] 127.0.0.1 /month_3/AppAdmin/index.php/Admin/Vip/vip_add.html?id=16&money=-14
INFO: [ app_init ] --START--
INFO: Run Behavior\BuildLiteBehavior [ RunTime:0.000010s ]
INFO: [ app_init ] --END-- [ RunTime:0.000360s ]
INFO: [ app_begin ] --START--
INFO: Run Behavior\ReadHtmlCacheBehavior [ RunTime:0.000593s ]
INFO: [ app_begin ] --END-- [ RunTime:0.000630s ]
NOTIC: [2048] Declaration of Admin\Model\VipModel::add() should be compatible with Think\Model::add($data = '', $options = Array, $replace = false) E:\php\apache\htdocs\month_3\AppAdmin\App\Admin\Model\VipModel.class.php 第 4 行.
SQL: SELECT `v_money` FROM `vip` WHERE ( id=16 ) LIMIT 1   [ RunTime:0.0003s ]
SQL: UPDATE `vip` SET `v_money`='156' WHERE ( id=16 ) [ RunTime:0.0496s ]
SQL: SELECT `v_money` FROM `vip` WHERE ( id=16 ) LIMIT 1   [ RunTime:0.0006s ]
INFO: [ app_end ] --START--
INFO: Run Behavior\ShowPageTraceBehavior [ RunTime:0.002337s ]
INFO: [ app_end ] --END-- [ RunTime:0.002467s ]

[ 2017-04-09T20:26:57+08:00 ] 127.0.0.1 /month_3/AppAdmin/index.php/Admin/Vip/vip_add.html?id=16&money=-14
INFO: [ app_init ] --START--
INFO: Run Behavior\BuildLiteBehavior [ RunTime:0.000010s ]
INFO: [ app_init ] --END-- [ RunTime:0.000308s ]
INFO: [ app_begin ] --START--
INFO: Run Behavior\ReadHtmlCacheBehavior [ RunTime:0.000608s ]
INFO: [ app_begin ] --END-- [ RunTime:0.000659s ]
NOTIC: [2048] Declaration of Admin\Model\VipModel::add() should be compatible with Think\Model::add($data = '', $options = Array, $replace = false) E:\php\apache\htdocs\month_3\AppAdmin\App\Admin\Model\VipModel.class.php 第 4 行.
SQL: SELECT `v_money` FROM `vip` WHERE ( id=16 ) LIMIT 1   [ RunTime:0.0003s ]
SQL: UPDATE `vip` SET `v_money`='142' WHERE ( id=16 ) [ RunTime:0.0426s ]
SQL: SELECT `v_money` FROM `vip` WHERE ( id=16 ) LIMIT 1   [ RunTime:0.0006s ]
INFO: [ app_end ] --START--
INFO: Run Behavior\ShowPageTraceBehavior [ RunTime:0.002078s ]
INFO: [ app_end ] --END-- [ RunTime:0.002182s ]

[ 2017-04-09T20:26:57+08:00 ] 127.0.0.1 /month_3/AppAdmin/index.php/Admin/Vip/vip_add.html?id=16&money=-14
INFO: [ app_init ] --START--
INFO: Run Behavior\BuildLiteBehavior [ RunTime:0.000012s ]
INFO: [ app_init ] --END-- [ RunTime:0.000376s ]
INFO: [ app_begin ] --START--
INFO: Run Behavior\ReadHtmlCacheBehavior [ RunTime:0.000719s ]
INFO: [ app_begin ] --END-- [ RunTime:0.000764s ]
NOTIC: [2048] Declaration of Admin\Model\VipModel::add() should be compatible with Think\Model::add($data = '', $options = Array, $replace = false) E:\php\apache\htdocs\month_3\AppAdmin\App\Admin\Model\VipModel.class.php 第 4 行.
SQL: SELECT `v_money` FROM `vip` WHERE ( id=16 ) LIMIT 1   [ RunTime:0.0003s ]
SQL: UPDATE `vip` SET `v_money`='128' WHERE ( id=16 ) [ RunTime:0.0529s ]
SQL: SELECT `v_money` FROM `vip` WHERE ( id=16 ) LIMIT 1   [ RunTime:0.0006s ]
INFO: [ app_end ] --START--
INFO: Run Behavior\ShowPageTraceBehavior [ RunTime:0.002077s ]
INFO: [ app_end ] --END-- [ RunTime:0.002179s ]

[ 2017-04-09T20:27:10+08:00 ] 127.0.0.1 /month_3/AppAdmin/index.php/Admin/Vip/add.html
INFO: [ app_init ] --START--
INFO: Run Behavior\BuildLiteBehavior [ RunTime:0.000015s ]
INFO: [ app_init ] --END-- [ RunTime:0.000423s ]
INFO: [ app_begin ] --START--
INFO: Run Behavior\ReadHtmlCacheBehavior [ RunTime:0.000628s ]
INFO: [ app_begin ] --END-- [ RunTime:0.000676s ]
SQL: SELECT * FROM `vip_select`  [ RunTime:0.0005s ]
INFO: [ view_parse ] --START--
INFO: [ template_filter ] --START--
INFO: Run Behavior\ContentReplaceBehavior [ RunTime:0.000057s ]
INFO: [ template_filter ] --END-- [ RunTime:0.000119s ]
INFO: Run Behavior\ParseTemplateBehavior [ RunTime:0.061001s ]
INFO: [ view_parse ] --END-- [ RunTime:0.061084s ]
INFO: [ view_filter ] --START--
INFO: Run Behavior\WriteHtmlCacheBehavior [ RunTime:0.000568s ]
INFO: [ view_filter ] --END-- [ RunTime:0.000611s ]
INFO: [ app_end ] --START--
INFO: Run Behavior\ShowPageTraceBehavior [ RunTime:0.001012s ]
INFO: [ app_end ] --END-- [ RunTime:0.001065s ]

[ 2017-04-09T20:27:19+08:00 ] 127.0.0.1 /month_3/AppAdmin/index.php/Admin/Login/out.html
INFO: [ app_init ] --START--
INFO: Run Behavior\BuildLiteBehavior [ RunTime:0.000010s ]
INFO: [ app_init ] --END-- [ RunTime:0.000316s ]
INFO: [ app_begin ] --START--
INFO: Run Behavior\ReadHtmlCacheBehavior [ RunTime:0.000609s ]
INFO: [ app_begin ] --END-- [ RunTime:0.000648s ]
INFO: [ view_parse ] --START--
INFO: [ template_filter ] --START--
INFO: Run Behavior\ContentReplaceBehavior [ RunTime:0.000030s ]
INFO: [ template_filter ] --END-- [ RunTime:0.000078s ]
INFO: Run Behavior\ParseTemplateBehavior [ RunTime:0.006526s ]
INFO: [ view_parse ] --END-- [ RunTime:0.006576s ]
INFO: [ view_filter ] --START--
INFO: Run Behavior\WriteHtmlCacheBehavior [ RunTime:0.000604s ]
INFO: [ view_filter ] --END-- [ RunTime:0.000759s ]
INFO: [ app_end ] --START--
INFO: Run Behavior\ShowPageTraceBehavior [ RunTime:0.002191s ]
INFO: [ app_end ] --END-- [ RunTime:0.002310s ]

[ 2017-04-09T20:27:21+08:00 ] 127.0.0.1 /month_3/AppAdmin/index.php/Admin/Login/login.html
INFO: [ app_init ] --START--
INFO: Run Behavior\BuildLiteBehavior [ RunTime:0.000013s ]
INFO: [ app_init ] --END-- [ RunTime:0.000376s ]
INFO: [ app_begin ] --START--
INFO: Run Behavior\ReadHtmlCacheBehavior [ RunTime:0.000625s ]
INFO: [ app_begin ] --END-- [ RunTime:0.000670s ]
INFO: [ view_parse ] --START--
INFO: [ template_filter ] --START--
INFO: Run Behavior\ContentReplaceBehavior [ RunTime:0.000042s ]
INFO: [ template_filter ] --END-- [ RunTime:0.000091s ]
INFO: Run Behavior\ParseTemplateBehavior [ RunTime:0.006025s ]
INFO: [ view_parse ] --END-- [ RunTime:0.006094s ]
INFO: [ view_filter ] --START--
INFO: Run Behavior\WriteHtmlCacheBehavior [ RunTime:0.001044s ]
INFO: [ view_filter ] --END-- [ RunTime:0.001101s ]
INFO: [ app_end ] --START--
INFO: Run Behavior\ShowPageTraceBehavior [ RunTime:0.001669s ]
INFO: [ app_end ] --END-- [ RunTime:0.001721s ]

[ 2017-04-09T20:27:21+08:00 ] 127.0.0.1 /month_3/AppAdmin/index.php/Admin/Login/verify.html
INFO: [ app_init ] --START--
INFO: Run Behavior\BuildLiteBehavior [ RunTime:0.000021s ]
INFO: [ app_init ] --END-- [ RunTime:0.000659s ]
INFO: [ app_begin ] --START--
INFO: Run Behavior\ReadHtmlCacheBehavior [ RunTime:0.001282s ]
INFO: [ app_begin ] --END-- [ RunTime:0.001392s ]
INFO: [ app_end ] --START--
INFO: Run Behavior\ShowPageTraceBehavior [ RunTime:0.001473s ]
INFO: [ app_end ] --END-- [ RunTime:0.001733s ]

